-------------------------------------------------------------------------------
Test set: conduitApp.conduitTest
-------------------------------------------------------------------------------
Tests run: 1, Failures: 0, Errors: 1, Skipped: 0, Time elapsed: 2.054 s <<< FAILURE! - in conduitApp.conduitTest
testParallel  Time elapsed: 2.027 s  <<< ERROR!
java.lang.RuntimeException: mismatched input '"' expecting <EOF>
	at conduitApp.conduitTest.testParallel(conduitTest.java:17)

